<?xml version="1.0" encoding="UTF-8"?>
<!-- Generated by org.testng.reporters.JUnitXMLReporter -->
<testsuite ignored="8" hostname="DESKTOP-GTR5LGA" failures="2" tests="2" name="Test" time="0.147" errors="0" timestamp="16 Mar 2021 06:07:54 GMT">
  <testcase classname="com.restassured.testcases.RestCountriesTest" name="getCountryDetailsTest" time="0.095">
    <failure type="java.lang.NoClassDefFoundError" message="Could not initialize class org.codehaus.groovy.reflection.ReflectionCache">
      <![CDATA[java.lang.NoClassDefFoundError: Could not initialize class org.codehaus.groovy.reflection.ReflectionCache
at org.codehaus.groovy.runtime.dgmimpl.NumberNumberMetaMethod.<clinit>(NumberNumberMetaMethod.java:33)
at java.base/java.lang.Class.newInstance(Class.java:645)
at org.codehaus.groovy.runtime.metaclass.MetaClassRegistryImpl.createMetaMethodFromClass(MetaClassRegistryImpl.java:257)
at org.codehaus.groovy.runtime.metaclass.MetaClassRegistryImpl.<init>(MetaClassRegistryImpl.java:110)
at org.codehaus.groovy.runtime.metaclass.MetaClassRegistryImpl.<init>(MetaClassRegistryImpl.java:85)
at groovy.lang.GroovySystem.<clinit>(GroovySystem.java:36)
at org.codehaus.groovy.runtime.InvokerHelper.<clinit>(InvokerHelper.java:86)
at org.codehaus.groovy.runtime.ScriptBytecodeAdapter.createMap(ScriptBytecodeAdapter.java:635)
at io.restassured.internal.ResponseParserRegistrar.<init>(ResponseParserRegistrar.groovy)
at io.restassured.RestAssured.<clinit>(RestAssured.java:346)
at com.restassured.testcases.RestCountriesTest.getCountryDetailsTest(RestCountriesTest.java:24)
... Removed 31 stack frames]]>
    </failure>
  </testcase> <!-- getCountryDetailsTest -->
  <testcase classname="com.restassured.testcases.RestCountriesTest" name="getCountryDetailsTest" time="0.006">
    <failure type="java.lang.NoClassDefFoundError" message="Could not initialize class io.restassured.RestAssured">
      <![CDATA[java.lang.NoClassDefFoundError: Could not initialize class io.restassured.RestAssured
at com.restassured.testcases.RestCountriesTest.getCountryDetailsTest(RestCountriesTest.java:24)
... Removed 25 stack frames]]>
    </failure>
  </testcase> <!-- getCountryDetailsTest -->
  <testcase classname="com.restassured.testcases.BaseTest" name="@AfterSuite afterSuite" time="0.0">
    <ignored/>
  </testcase> <!-- @AfterSuite afterSuite -->
  <testcase classname="com.restassured.testcases.BaseTest" name="@AfterSuite afterSuite" time="0.0">
    <ignored/>
  </testcase> <!-- @AfterSuite afterSuite -->
  <testcase classname="com.restassured.testcases.BestBuyAPITests" name="postProductWithoutPOJO" time="0.0">
    <ignored/>
  </testcase> <!-- postProductWithoutPOJO -->
  <testcase classname="com.restassured.testcases.BaseTest" name="@BeforeSuite setUpSuite" time="0.0">
    <ignored/>
  </testcase> <!-- @BeforeSuite setUpSuite -->
  <testcase classname="com.restassured.testcases.BaseTest" name="@BeforeSuite setUpSuite" time="0.0">
    <ignored/>
  </testcase> <!-- @BeforeSuite setUpSuite -->
  <testcase classname="com.restassured.testcases.BestBuyAPITests" name="getProducts" time="0.0">
    <ignored/>
  </testcase> <!-- getProducts -->
  <testcase classname="com.restassured.testcases.BestBuyAPITests" name="postProductByReadingRequestFromFile" time="0.0">
    <ignored/>
  </testcase> <!-- postProductByReadingRequestFromFile -->
  <testcase classname="com.restassured.testcases.BestBuyAPITests" name="postProductWithPojo" time="0.0">
    <ignored/>
  </testcase> <!-- postProductWithPojo -->
</testsuite> <!-- Test -->
