<?xml version="1.0" encoding="UTF-8"?>
<!-- Generated by org.testng.reporters.JUnitXMLReporter -->
<testsuite ignored="2" hostname="DESKTOP-GTR5LGA" failures="0" tests="3" name="Command line test" time="6.867" errors="0" timestamp="16 Mar 2021 11:05:05 GMT">
  <testcase classname="com.restassured.testcases.RestCountriesTest" name="getCountryDetailsTest" time="4.326"/>
  <testcase classname="com.restassured.testcases.RestCountriesTest" name="getCountryDetailsTest" time="0.94"/>
  <testcase classname="com.restassured.testcases.RestCountriesTest" name="getCountryDetailsTest" time="0.917"/>
  <testcase classname="com.restassured.testcases.BaseTest" name="@AfterSuite afterSuite" time="0.0">
    <ignored/>
  </testcase> <!-- @AfterSuite afterSuite -->
  <testcase classname="com.restassured.testcases.BaseTest" name="@BeforeSuite setUpSuite" time="0.0">
    <ignored/>
  </testcase> <!-- @BeforeSuite setUpSuite -->
</testsuite> <!-- Command line test -->
