<?xml version="1.0" encoding="UTF-8"?>
<testng-results ignored="2" total="5" passed="3" failed="0" skipped="0">
  <reporter-output>
  </reporter-output>
  <suite started-at="2021-03-16T11:04:58Z" name="Command line suite" finished-at="2021-03-16T11:05:05Z" duration-ms="6867">
    <groups>
    </groups>
    <test started-at="2021-03-16T11:04:58Z" name="Command line test" finished-at="2021-03-16T11:05:05Z" duration-ms="6867">
      <class name="com.restassured.testcases.RestCountriesTest">
        <test-method is-config="true" signature="setUp()[pri:0, instance:com.restassured.testcases.RestCountriesTest@6c80d78a]" started-at="2021-03-16T11:04:59Z" name="setUp" finished-at="2021-03-16T11:04:59Z" duration-ms="1" status="PASS">
          <reporter-output>
          </reporter-output>
        </test-method> <!-- setUp -->
        <test-method signature="getCountryDetailsTest(java.util.Hashtable)[pri:0, instance:com.restassured.testcases.RestCountriesTest@6c80d78a]" started-at="2021-03-16T11:04:59Z" name="getCountryDetailsTest" data-provider="dataProviderForIterations" finished-at="2021-03-16T11:05:03Z" duration-ms="4326" status="PASS">
          <params>
            <param index="0">
              <value>
                <![CDATA[{limit=, name=, expectedCountryCapital=Taipei, type=, execute=Yes, countryName=Taiwan, TestCaseName=getCountryDetailsTest}]]>
              </value>
            </param>
          </params>
          <reporter-output>
          </reporter-output>
        </test-method> <!-- getCountryDetailsTest -->
        <test-method is-config="true" signature="setUp()[pri:0, instance:com.restassured.testcases.RestCountriesTest@6c80d78a]" started-at="2021-03-16T11:05:03Z" name="setUp" finished-at="2021-03-16T11:05:03Z" duration-ms="0" status="PASS">
          <reporter-output>
          </reporter-output>
        </test-method> <!-- setUp -->
        <test-method signature="getCountryDetailsTest(java.util.Hashtable)[pri:0, instance:com.restassured.testcases.RestCountriesTest@6c80d78a]" started-at="2021-03-16T11:05:03Z" name="getCountryDetailsTest" data-provider="dataProviderForIterations" finished-at="2021-03-16T11:05:04Z" duration-ms="940" status="PASS">
          <params>
            <param index="0">
              <value>
                <![CDATA[{limit=, name=, expectedCountryCapital=Kabul, type=, execute=Yes, countryName=Afghanistan, TestCaseName=getCountryDetailsTest}]]>
              </value>
            </param>
          </params>
          <reporter-output>
          </reporter-output>
        </test-method> <!-- getCountryDetailsTest -->
        <test-method signature="getCountryDetailsTest(java.util.Hashtable)[pri:0, instance:com.restassured.testcases.RestCountriesTest@6c80d78a]" started-at="2021-03-16T11:05:04Z" name="getCountryDetailsTest" data-provider="dataProviderForIterations" finished-at="2021-03-16T11:05:05Z" duration-ms="917" status="PASS">
          <params>
            <param index="0">
              <value>
                <![CDATA[{limit=, name=, expectedCountryCapital=Andorra la Vella, type=, execute=Yes, countryName=Andorra, TestCaseName=getCountryDetailsTest}]]>
              </value>
            </param>
          </params>
          <reporter-output>
          </reporter-output>
        </test-method> <!-- getCountryDetailsTest -->
        <test-method is-config="true" signature="setUp()[pri:0, instance:com.restassured.testcases.RestCountriesTest@6c80d78a]" started-at="2021-03-16T11:05:04Z" name="setUp" finished-at="2021-03-16T11:05:04Z" duration-ms="0" status="PASS">
          <reporter-output>
          </reporter-output>
        </test-method> <!-- setUp -->
      </class> <!-- com.restassured.testcases.RestCountriesTest -->
      <class name="com.restassured.testcases.BaseTest">
        <test-method is-config="true" signature="setUpSuite()[pri:0, instance:com.restassured.testcases.BaseTest@52e6fdee]" started-at="2021-03-16T11:04:58Z" name="setUpSuite" finished-at="2021-03-16T11:04:58Z" duration-ms="296" status="PASS">
          <reporter-output>
          </reporter-output>
        </test-method> <!-- setUpSuite -->
        <test-method is-config="true" signature="afterSuite()[pri:0, instance:com.restassured.testcases.BaseTest@52e6fdee]" started-at="2021-03-16T11:05:05Z" name="afterSuite" finished-at="2021-03-16T11:05:06Z" duration-ms="918" status="PASS">
          <reporter-output>
          </reporter-output>
        </test-method> <!-- afterSuite -->
      </class> <!-- com.restassured.testcases.BaseTest -->
    </test> <!-- Command line test -->
  </suite> <!-- Command line suite -->
</testng-results>
