<?xml version="1.0" encoding="UTF-8" ?>
<testsuite tests="3" failures="0" name="TestSuite" time="6.184" errors="0" skipped="0">
  <properties>
[...]
</properties>
  <testcase classname="com.restassured.testcases.RestCountriesTest" name="getCountryDetailsTest" time="4.354"/>
  <testcase classname="com.restassured.testcases.RestCountriesTest" name="getCountryDetailsTest" time="0.92"/>
  <testcase classname="com.restassured.testcases.RestCountriesTest" name="getCountryDetailsTest" time="0.91"/>
</testsuite>